<?xml version="1.0" encoding="UTF-8"?>
<coverage generated="1750978883741" clover="3.2.0">
  <project timestamp="1750978883741" name="All files">
    <metrics statements="9" coveredstatements="9" conditionals="2" coveredconditionals="2" methods="5" coveredmethods="5" elements="16" coveredelements="16" complexity="0" loc="9" ncloc="9" packages="1" files="2" classes="2"/>
    <file name="button.tsx" path="C:\Users\UserTemp\Desktop\programing\ifarma-mobile\components\authenticationPage\button.tsx">
      <metrics statements="4" coveredstatements="4" conditionals="0" coveredconditionals="0" methods="2" coveredmethods="2"/>
      <line num="13" count="1" type="stmt"/>
      <line num="14" count="1" type="stmt"/>
      <line num="17" count="1" type="stmt"/>
      <line num="26" count="1" type="stmt"/>
    </file>
    <file name="input.tsx" path="C:\Users\UserTemp\Desktop\programing\ifarma-mobile\components\authenticationPage\input.tsx">
      <metrics statements="5" coveredstatements="5" conditionals="2" coveredconditionals="2" methods="3" coveredmethods="3"/>
      <line num="10" count="5" type="stmt"/>
      <line num="11" count="5" type="stmt"/>
      <line num="15" count="1" type="stmt"/>
      <line num="16" count="1" type="stmt"/>
      <line num="21" count="1" type="stmt"/>
    </file>
  </project>
</coverage>
