{"C:\\Users\\UserTemp\\Desktop\\programing\\ifarma-mobile\\components\\authenticationPage\\button.tsx": {"path":"C:\\Users\\UserTemp\\Desktop\\programing\\ifarma-mobile\\components\\authenticationPage\\button.tsx","statementMap":{"0":{"start":{"line":13,"column":22},"end":{"line":15,"column":3}},"1":{"start":{"line":14,"column":4},"end":{"line":14,"column":33}},"2":{"start":{"line":17,"column":2},"end":{"line":23,"column":3}},"3":{"start":{"line":26,"column":15},"end":{"line":43,"column":2}}},"fnMap":{"0":{"name":"Button","decl":{"start":{"line":11,"column":24},"end":{"line":11,"column":30}},"loc":{"start":{"line":11,"column":60},"end":{"line":24,"column":1}},"line":11},"1":{"name":"(anonymous_1)","decl":{"start":{"line":13,"column":22},"end":{"line":13,"column":23}},"loc":{"start":{"line":13,"column":28},"end":{"line":15,"column":3}},"line":13}},"branchMap":{},"s":{"0":1,"1":1,"2":1,"3":1},"f":{"0":1,"1":1},"b":{},"_coverageSchema":"1a1c01bbd47fc00a2c39e90264f33305004495a9","hash":"aa19f8621ea895dc1bcea6578c5b538341bba666"}
,"C:\\Users\\UserTemp\\Desktop\\programing\\ifarma-mobile\\components\\authenticationPage\\input.tsx": {"path":"C:\\Users\\UserTemp\\Desktop\\programing\\ifarma-mobile\\components\\authenticationPage\\input.tsx","statementMap":{"0":{"start":{"line":10,"column":36},"end":{"line":10,"column":51}},"1":{"start":{"line":11,"column":2},"end":{"line":18,"column":3}},"2":{"start":{"line":15,"column":19},"end":{"line":15,"column":37}},"3":{"start":{"line":16,"column":18},"end":{"line":16,"column":37}},"4":{"start":{"line":21,"column":14},"end":{"line":36,"column":2}}},"fnMap":{"0":{"name":"Input","decl":{"start":{"line":9,"column":24},"end":{"line":9,"column":29}},"loc":{"start":{"line":9,"column":57},"end":{"line":19,"column":1}},"line":9},"1":{"name":"(anonymous_1)","decl":{"start":{"line":15,"column":13},"end":{"line":15,"column":14}},"loc":{"start":{"line":15,"column":19},"end":{"line":15,"column":37}},"line":15},"2":{"name":"(anonymous_2)","decl":{"start":{"line":16,"column":12},"end":{"line":16,"column":13}},"loc":{"start":{"line":16,"column":18},"end":{"line":16,"column":37}},"line":16}},"branchMap":{"0":{"loc":{"start":{"line":13,"column":31},"end":{"line":13,"column":62}},"type":"binary-expr","locations":[{"start":{"line":13,"column":31},"end":{"line":13,"column":40}},{"start":{"line":13,"column":44},"end":{"line":13,"column":62}}],"line":13}},"s":{"0":5,"1":5,"2":1,"3":1,"4":1},"f":{"0":5,"1":1,"2":1},"b":{"0":[5,1]},"_coverageSchema":"1a1c01bbd47fc00a2c39e90264f33305004495a9","hash":"d3f990cdf9fe0e5027aa10f2bd9c6739b134fb97"}
}
