{"C:\\Users\\UserTemp\\Desktop\\programing\\ifarma-mobile\\components\\QuantitySelector\\index.tsx": {"path":"C:\\Users\\UserTemp\\Desktop\\programing\\ifarma-mobile\\components\\QuantitySelector\\index.tsx","statementMap":{"0":{"start":{"line":17,"column":2},"end":{"line":27,"column":3}},"1":{"start":{"line":30,"column":15},"end":{"line":36,"column":2}}},"fnMap":{"0":{"name":"QuantitySelector","decl":{"start":{"line":13,"column":24},"end":{"line":13,"column":40}},"loc":{"start":{"line":13,"column":93},"end":{"line":28,"column":1}},"line":13}},"branchMap":{},"s":{"0":2,"1":1},"f":{"0":2},"b":{},"_coverageSchema":"1a1c01bbd47fc00a2c39e90264f33305004495a9","hash":"3fb1b5280ceb609d737de97f5563d921e98932b8"}
,"C:\\Users\\UserTemp\\Desktop\\programing\\ifarma-mobile\\components\\authenticationPage\\button.tsx": {"path":"C:\\Users\\UserTemp\\Desktop\\programing\\ifarma-mobile\\components\\authenticationPage\\button.tsx","statementMap":{"0":{"start":{"line":14,"column":22},"end":{"line":16,"column":3}},"1":{"start":{"line":15,"column":4},"end":{"line":15,"column":33}},"2":{"start":{"line":18,"column":2},"end":{"line":24,"column":3}},"3":{"start":{"line":27,"column":15},"end":{"line":44,"column":2}}},"fnMap":{"0":{"name":"Button","decl":{"start":{"line":12,"column":24},"end":{"line":12,"column":30}},"loc":{"start":{"line":12,"column":68},"end":{"line":25,"column":1}},"line":12},"1":{"name":"(anonymous_1)","decl":{"start":{"line":14,"column":22},"end":{"line":14,"column":23}},"loc":{"start":{"line":14,"column":28},"end":{"line":16,"column":3}},"line":14}},"branchMap":{},"s":{"0":1,"1":1,"2":1,"3":1},"f":{"0":1,"1":1},"b":{},"_coverageSchema":"1a1c01bbd47fc00a2c39e90264f33305004495a9","hash":"40fcab348da00365905cba4b5e0332f87a9f9c8f"}
,"C:\\Users\\UserTemp\\Desktop\\programing\\ifarma-mobile\\components\\authenticationPage\\input.tsx": {"path":"C:\\Users\\UserTemp\\Desktop\\programing\\ifarma-mobile\\components\\authenticationPage\\input.tsx","statementMap":{"0":{"start":{"line":8,"column":36},"end":{"line":8,"column":51}},"1":{"start":{"line":10,"column":22},"end":{"line":15,"column":3}},"2":{"start":{"line":11,"column":4},"end":{"line":11,"column":23}},"3":{"start":{"line":12,"column":4},"end":{"line":14,"column":5}},"4":{"start":{"line":13,"column":6},"end":{"line":13,"column":22}},"5":{"start":{"line":17,"column":21},"end":{"line":22,"column":3}},"6":{"start":{"line":18,"column":4},"end":{"line":18,"column":24}},"7":{"start":{"line":19,"column":4},"end":{"line":21,"column":5}},"8":{"start":{"line":20,"column":6},"end":{"line":20,"column":21}},"9":{"start":{"line":24,"column":2},"end":{"line":32,"column":4}},"10":{"start":{"line":35,"column":14},"end":{"line":52,"column":2}}},"fnMap":{"0":{"name":"Input","decl":{"start":{"line":7,"column":24},"end":{"line":7,"column":29}},"loc":{"start":{"line":7,"column":53},"end":{"line":33,"column":1}},"line":7},"1":{"name":"(anonymous_1)","decl":{"start":{"line":10,"column":22},"end":{"line":10,"column":23}},"loc":{"start":{"line":10,"column":34},"end":{"line":15,"column":3}},"line":10},"2":{"name":"(anonymous_2)","decl":{"start":{"line":17,"column":21},"end":{"line":17,"column":22}},"loc":{"start":{"line":17,"column":33},"end":{"line":22,"column":3}},"line":17}},"branchMap":{"0":{"loc":{"start":{"line":12,"column":4},"end":{"line":14,"column":5}},"type":"if","locations":[{"start":{"line":12,"column":4},"end":{"line":14,"column":5}},{"start":{},"end":{}}],"line":12},"1":{"loc":{"start":{"line":19,"column":4},"end":{"line":21,"column":5}},"type":"if","locations":[{"start":{"line":19,"column":4},"end":{"line":21,"column":5}},{"start":{},"end":{}}],"line":19},"2":{"loc":{"start":{"line":27,"column":31},"end":{"line":27,"column":62}},"type":"binary-expr","locations":[{"start":{"line":27,"column":31},"end":{"line":27,"column":40}},{"start":{"line":27,"column":44},"end":{"line":27,"column":62}}],"line":27}},"s":{"0":8,"1":8,"2":2,"3":2,"4":1,"5":8,"6":2,"7":2,"8":1,"9":8,"10":1},"f":{"0":8,"1":2,"2":2},"b":{"0":[1,1],"1":[1,1],"2":[8,2]},"_coverageSchema":"1a1c01bbd47fc00a2c39e90264f33305004495a9","hash":"29d9f31059dba3244b623fee0c36edb3efb5dfd6"}
,"C:\\Users\\UserTemp\\Desktop\\programing\\ifarma-mobile\\constants\\color.ts": {"path":"C:\\Users\\UserTemp\\Desktop\\programing\\ifarma-mobile\\constants\\color.ts","statementMap":{"0":{"start":{"line":1,"column":15},"end":{"line":8,"column":1}}},"fnMap":{},"branchMap":{},"s":{"0":1},"f":{},"b":{},"_coverageSchema":"1a1c01bbd47fc00a2c39e90264f33305004495a9","hash":"ab975b2ff2957b150905045fb0fee797ff888700"}
}
