TN:
SF:components\QuantitySelector\index.tsx
FN:13,QuantitySelector
FNF:1
FNH:1
FNDA:2,QuantitySelector
DA:17,2
DA:30,1
LF:2
LH:2
BRF:0
BRH:0
end_of_record
TN:
SF:components\authenticationPage\button.tsx
FN:12,Button
FN:14,(anonymous_1)
FNF:2
FNH:2
FNDA:1,Button
FNDA:1,(anonymous_1)
DA:14,1
DA:15,1
DA:18,1
DA:27,1
LF:4
LH:4
BRF:0
BRH:0
end_of_record
TN:
SF:components\authenticationPage\input.tsx
FN:7,Input
FN:10,(anonymous_1)
FN:17,(anonymous_2)
FNF:3
FNH:3
FNDA:8,Input
FNDA:2,(anonymous_1)
FNDA:2,(anonymous_2)
DA:8,8
DA:10,8
DA:11,2
DA:12,2
DA:13,1
DA:17,8
DA:18,2
DA:19,2
DA:20,1
DA:24,8
DA:35,1
LF:11
LH:11
BRDA:12,0,0,1
BRDA:12,0,1,1
BRDA:19,1,0,1
BRDA:19,1,1,1
BRDA:27,2,0,8
BRDA:27,2,1,2
BRF:6
BRH:6
end_of_record
TN:
SF:constants\color.ts
FNF:0
FNH:0
DA:1,1
LF:1
LH:1
BRF:0
BRH:0
end_of_record
